#
# A fatal error has been detected by the Java Runtime Environment:
#
#  EXCEPTION_ACCESS_VIOLATION (0xc0000005) at pc=0x00007ff9684226b9, pid=16148, tid=0x0000000000004794
#
# JRE version: OpenJDK Runtime Environment (8.0_212-b03) (build 1.8.0_212-b03)
# Java VM: OpenJDK 64-Bit Server VM (25.212-b03 mixed mode windows-amd64 compressed oops)
# Problematic frame:
# C  [glfw.dll+0x126b9]
#
# Failed to write core dump. Minidumps are not enabled by default on client versions of Windows
#
# If you would like to submit a bug report, please visit:
#   
# The crash happened outside the Java Virtual Machine in native code.
# See problematic frame for where to report the bug.
#

---------------  T H R E A D  ---------------

Current thread (0x000001c00064e000):  JavaThread "main" [_thread_in_native, id=18324, stack(0x0000006828600000,0x0000006828700000)]

siginfo: ExceptionCode=0xc0000005, writing address 0x00000000000002d4

Registers:
RAX=0x0000000000000000, RBX=0x0000000000000014, RCX=0x0000000000000088, RDX=0x0000000000000000
RSP=0x00000068286ff640, RBP=0x00000068286ff700, RSI=0x0000000000000001, RDI=0x00000000000002d4
R8 =0x0000000000000088, R9 =0x0000000000000000, R10=0x000001c0021948fb, R11=0x00000000000002d4
R12=0x0000000000000000, R13=0x000001c0165cf638, R14=0x00000068286ff738, R15=0x000001c00064e000
RIP=0x00007ff9684226b9, EFLAGS=0x0000000000010203

Top of Stack: (sp=0x00000068286ff640)
0x00000068286ff640:   000001c002177c90 00007ff96841636c
0x00000068286ff650:   00000068286ff6c0 000001c0021943d2
0x00000068286ff660:   000001c002175410 000001c000000000
0x00000068286ff670:   000001c0165cf638 000001c002194927
0x00000068286ff680:   000001c002177c90 000001c002194412
0x00000068286ff690:   000001c00064e000 000001c0165cf638
0x00000068286ff6a0:   000001c00064e000 0000001a00000019
0x00000068286ff6b0:   000001c0165bef80 000001c0021943d2
0x00000068286ff6c0:   00000068286ff6c0 000001c0165cf638
0x00000068286ff6d0:   00000068286ff738 000001c0165f8e80
0x00000068286ff6e0:   0000000000000000 000001c0165cf638
0x00000068286ff6f0:   0000000000000000 00000068286ff720
0x00000068286ff700:   00000068286ff780 000001c00217817d
0x00000068286ff710:   00000000d8043f30 000001c002189438
0x00000068286ff720:   00007ff968416330 00000001000ba548
0x00000068286ff730:   0000000000000014 000001c0021a5d1f 

Instructions: (pc=0x00007ff9684226b9)
0x00007ff968422699:   28 48 83 c4 10 5f c3 cc cc cc cc cc cc 66 66 0f
0x00007ff9684226a9:   1f 84 00 00 00 00 00 57 8b c2 48 8b f9 49 8b c8
0x00007ff9684226b9:   f3 aa 49 8b c3 5f c3 cc cc cc cc cc cc 66 66 0f
0x00007ff9684226c9:   1f 84 00 00 00 00 00 4c 8b d9 0f b6 d2 49 b9 01 


Register to memory mapping:

RAX=0x0000000000000000 is an unknown value
RBX=0x0000000000000014 is an unknown value
RCX=0x0000000000000088 is an unknown value
RDX=0x0000000000000000 is an unknown value
RSP=0x00000068286ff640 is pointing into the stack for thread: 0x000001c00064e000
RBP=0x00000068286ff700 is pointing into the stack for thread: 0x000001c00064e000
RSI=0x0000000000000001 is an unknown value
RDI=0x00000000000002d4 is an unknown value
R8 =0x0000000000000088 is an unknown value
R9 =0x0000000000000000 is an unknown value
R10=0x000001c0021948fb is at code_begin+1915 in an Interpreter codelet
method entry point (kind = native)  [0x000001c002194180, 0x000001c002195440]  4800 bytes
R11=0x00000000000002d4 is an unknown value
R12=0x0000000000000000 is an unknown value
R13={method} {0x000001c0165cf640} 'invokePV' '(JJ)V' in 'org/lwjgl/system/JNI'
R14=0x00000068286ff738 is pointing into the stack for thread: 0x000001c00064e000
R15=0x000001c00064e000 is a thread


Stack: [0x0000006828600000,0x0000006828700000],  sp=0x00000068286ff640,  free space=1021k
Native frames: (J=compiled Java code, j=interpreted, Vv=VM code, C=native code)
C  [glfw.dll+0x126b9]
C  [glfw.dll+0x636c]
C  0x000001c002194927

Java frames: (J=compiled Java code, j=interpreted, Vv=VM code)
j  org.lwjgl.system.JNI.invokePV(JJ)V+0
j  org.lwjgl.glfw.GLFW.glfwDestroyWindow(J)V+6
j  Window.destroy()V+3
j  TankTrouble2.run()V+15
j  TankTrouble2.main([Ljava/lang/String;)V+7
v  ~StubRoutines::call_stub

---------------  P R O C E S S  ---------------

Java Threads: ( => current thread )
  0x000001c018ae7000 JavaThread "Service Thread" daemon [_thread_blocked, id=2740, stack(0x0000006829b00000,0x0000006829c00000)]
  0x000001c018ada000 JavaThread "C1 CompilerThread3" daemon [_thread_blocked, id=16896, stack(0x0000006829a00000,0x0000006829b00000)]
  0x000001c018ad9800 JavaThread "C2 CompilerThread2" daemon [_thread_blocked, id=15656, stack(0x0000006829900000,0x0000006829a00000)]
  0x000001c018ad8800 JavaThread "C2 CompilerThread1" daemon [_thread_blocked, id=14444, stack(0x0000006829800000,0x0000006829900000)]
  0x000001c018ad3800 JavaThread "C2 CompilerThread0" daemon [_thread_blocked, id=17500, stack(0x0000006829700000,0x0000006829800000)]
  0x000001c016897000 JavaThread "JDWP Command Reader" daemon [_thread_in_native, id=11912, stack(0x0000006829600000,0x0000006829700000)]
  0x000001c016894000 JavaThread "JDWP Event Helper Thread" daemon [_thread_blocked, id=16688, stack(0x0000006829500000,0x0000006829600000)]
  0x000001c016893000 JavaThread "JDWP Transport Listener: dt_socket" daemon [_thread_blocked, id=4800, stack(0x0000006829400000,0x0000006829500000)]
  0x000001c01687f800 JavaThread "Attach Listener" daemon [_thread_blocked, id=15432, stack(0x0000006829300000,0x0000006829400000)]
  0x000001c01687e800 JavaThread "Signal Dispatcher" daemon [_thread_blocked, id=11360, stack(0x0000006829200000,0x0000006829300000)]
  0x000001c016851800 JavaThread "Finalizer" daemon [_thread_blocked, id=13272, stack(0x0000006829100000,0x0000006829200000)]
  0x000001c01684a800 JavaThread "Reference Handler" daemon [_thread_blocked, id=8124, stack(0x0000006829000000,0x0000006829100000)]
=>0x000001c00064e000 JavaThread "main" [_thread_in_native, id=18324, stack(0x0000006828600000,0x0000006828700000)]

Other Threads:
  0x000001c01681b000 VMThread [stack: 0x0000006828f00000,0x0000006829000000] [id=3340]
  0x000001c018ae7800 WatcherThread [stack: 0x0000006829c00000,0x0000006829d00000] [id=17852]

VM state:not at safepoint (normal execution)

VM Mutex/Monitor currently owned by a thread: None

heap address: 0x0000000081e00000, size: 2018 MB, Compressed Oops mode: 32-bit
Narrow klass base: 0x0000000000000000, Narrow klass shift: 3
Compressed class space size: 1073741824 Address: 0x0000000100000000

Heap:
 PSYoungGen      total 38400K, used 13604K [0x00000000d5f80000, 0x00000000d8a00000, 0x0000000100000000)
  eden space 33280K, 30% used [0x00000000d5f80000,0x00000000d6992bd0,0x00000000d8000000)
  from space 5120K, 64% used [0x00000000d8000000,0x00000000d8336790,0x00000000d8500000)
  to   space 5120K, 0% used [0x00000000d8500000,0x00000000d8500000,0x00000000d8a00000)
 ParOldGen       total 87552K, used 8K [0x0000000081e00000, 0x0000000087380000, 0x00000000d5f80000)
  object space 87552K, 0% used [0x0000000081e00000,0x0000000081e02000,0x0000000087380000)
 Metaspace       used 10758K, capacity 10995K, committed 11264K, reserved 1058816K
  class space    used 883K, capacity 973K, committed 1024K, reserved 1048576K

Card table byte_map: [0x000001c011530000,0x000001c011930000] byte_map_base: 0x000001c011121000

Marking Bits: (ParMarkBitMap*) 0x00000000672a1f50
 Begin Bits: [0x000001c011be0000, 0x000001c013b68000)
 End Bits:   [0x000001c013b68000, 0x000001c015af0000)

Polling page: 0x000001c000600000

CodeCache: size=245760Kb used=4276Kb max_used=4349Kb free=241483Kb
 bounds [0x000001c002170000, 0x000001c0025c0000, 0x000001c011170000]
 total_blobs=1730 nmethods=847 adapters=805
 compilation: enabled

Compilation events (10 events):
Event: 6.540 Thread 0x000001c018ada000  840       3       TankTrouble2::render (1 bytes)
Event: 6.541 Thread 0x000001c018ada000 nmethod 840 0x000001c002558f90 code [0x000001c0025590e0, 0x000001c002559238]
Event: 6.541 Thread 0x000001c018ada000  841       3       org.lwjgl.glfw.GLFW::glfwPollEvents (12 bytes)
Event: 6.541 Thread 0x000001c018ada000 nmethod 841 0x000001c00255add0 code [0x000001c00255af40, 0x000001c00255b110]
Event: 8.727 Thread 0x000001c018ada000  843       3       org.lwjgl.opengl.GL11::glClear (5 bytes)
Event: 8.728 Thread 0x000001c018ada000 nmethod 843 0x000001c00255a610 code [0x000001c00255a780, 0x000001c00255a8f0]
Event: 8.791 Thread 0x000001c018ada000  845       3       Window::swapColourBuffers (8 bytes)
Event: 8.792 Thread 0x000001c018ada000 nmethod 845 0x000001c00255f3d0 code [0x000001c00255f560, 0x000001c00255f8e0]
Event: 8.792 Thread 0x000001c018ada000  846       3       org.lwjgl.glfw.GLFW::glfwSwapBuffers (21 bytes)
Event: 8.793 Thread 0x000001c018ada000 nmethod 846 0x000001c00255ed90 code [0x000001c00255ef20, 0x000001c00255f220]

GC Heap History (2 events):
Event: 2.095 GC heap before
{Heap before GC invocations=1 (full 0):
 PSYoungGen      total 38400K, used 33280K [0x00000000d5f80000, 0x00000000d8a00000, 0x0000000100000000)
  eden space 33280K, 100% used [0x00000000d5f80000,0x00000000d8000000,0x00000000d8000000)
  from space 5120K, 0% used [0x00000000d8500000,0x00000000d8500000,0x00000000d8a00000)
  to   space 5120K, 0% used [0x00000000d8000000,0x00000000d8000000,0x00000000d8500000)
 ParOldGen       total 87552K, used 0K [0x0000000081e00000, 0x0000000087380000, 0x00000000d5f80000)
  object space 87552K, 0% used [0x0000000081e00000,0x0000000081e00000,0x0000000087380000)
 Metaspace       used 9728K, capacity 9939K, committed 10240K, reserved 1058816K
  class space    used 846K, capacity 941K, committed 1024K, reserved 1048576K
Event: 2.104 GC heap after
Heap after GC invocations=1 (full 0):
 PSYoungGen      total 38400K, used 3289K [0x00000000d5f80000, 0x00000000d8a00000, 0x0000000100000000)
  eden space 33280K, 0% used [0x00000000d5f80000,0x00000000d5f80000,0x00000000d8000000)
  from space 5120K, 64% used [0x00000000d8000000,0x00000000d8336790,0x00000000d8500000)
  to   space 5120K, 0% used [0x00000000d8500000,0x00000000d8500000,0x00000000d8a00000)
 ParOldGen       total 87552K, used 8K [0x0000000081e00000, 0x0000000087380000, 0x00000000d5f80000)
  object space 87552K, 0% used [0x0000000081e00000,0x0000000081e02000,0x0000000087380000)
 Metaspace       used 9728K, capacity 9939K, committed 10240K, reserved 1058816K
  class space    used 846K, capacity 941K, committed 1024K, reserved 1048576K
}

Deoptimization events (0 events):
No events

Classes redefined (0 events):
No events

Internal exceptions (10 events):
Event: 1.161 Thread 0x000001c00064e000 Exception <a 'java/lang/NoSuchFieldError': method resolution failed> (0x00000000d67d14e0) thrown at [C:\cygwin64\tmp\openjdk-jdk8u-windows-x64-hotspot\workspace\build\src\hotspot\src\share\vm\prims\methodHandles.cpp, line 1167]
Event: 1.165 Thread 0x000001c00064e000 Exception <a 'java/lang/NoSuchFieldError': method resolution failed> (0x00000000d67df328) thrown at [C:\cygwin64\tmp\openjdk-jdk8u-windows-x64-hotspot\workspace\build\src\hotspot\src\share\vm\prims\methodHandles.cpp, line 1167]
Event: 1.256 Thread 0x000001c00064e000 Exception <a 'java/security/PrivilegedActionException'> (0x00000000d6b1fdf8) thrown at [C:\cygwin64\tmp\openjdk-jdk8u-windows-x64-hotspot\workspace\build\src\hotspot\src\share\vm\prims\jvm.cpp, line 1502]
Event: 1.256 Thread 0x000001c00064e000 Exception <a 'java/security/PrivilegedActionException'> (0x00000000d6b20008) thrown at [C:\cygwin64\tmp\openjdk-jdk8u-windows-x64-hotspot\workspace\build\src\hotspot\src\share\vm\prims\jvm.cpp, line 1502]
Event: 1.257 Thread 0x000001c00064e000 Exception <a 'java/security/PrivilegedActionException'> (0x00000000d6b23e70) thrown at [C:\cygwin64\tmp\openjdk-jdk8u-windows-x64-hotspot\workspace\build\src\hotspot\src\share\vm\prims\jvm.cpp, line 1502]
Event: 1.257 Thread 0x000001c00064e000 Exception <a 'java/security/PrivilegedActionException'> (0x00000000d6b24080) thrown at [C:\cygwin64\tmp\openjdk-jdk8u-windows-x64-hotspot\workspace\build\src\hotspot\src\share\vm\prims\jvm.cpp, line 1502]
Event: 1.257 Thread 0x000001c00064e000 Exception <a 'java/security/PrivilegedActionException'> (0x00000000d6b25660) thrown at [C:\cygwin64\tmp\openjdk-jdk8u-windows-x64-hotspot\workspace\build\src\hotspot\src\share\vm\prims\jvm.cpp, line 1502]
Event: 1.257 Thread 0x000001c00064e000 Exception <a 'java/security/PrivilegedActionException'> (0x00000000d6b25870) thrown at [C:\cygwin64\tmp\openjdk-jdk8u-windows-x64-hotspot\workspace\build\src\hotspot\src\share\vm\prims\jvm.cpp, line 1502]
Event: 1.711 Thread 0x000001c00064e000 Exception <a 'sun/nio/fs/WindowsException'> (0x00000000d7096db8) thrown at [C:\cygwin64\tmp\openjdk-jdk8u-windows-x64-hotspot\workspace\build\src\hotspot\src\share\vm\prims\jni.cpp, line 710]
Event: 1.711 Thread 0x000001c00064e000 Exception <a 'sun/nio/fs/WindowsException'> (0x00000000d7098820) thrown at [C:\cygwin64\tmp\openjdk-jdk8u-windows-x64-hotspot\workspace\build\src\hotspot\src\share\vm\prims\jni.cpp, line 710]

Events (10 events):
Event: 35.000 Executing VM operation: ChangeSingleStep
Event: 35.000 Executing VM operation: ChangeSingleStep done
Event: 35.002 Executing VM operation: GetOrSetLocal
Event: 35.002 Executing VM operation: GetOrSetLocal done
Event: 35.010 Executing VM operation: ChangeSingleStep
Event: 35.010 Executing VM operation: ChangeSingleStep done
Event: 35.015 Executing VM operation: EnterInterpOnlyMode
Event: 35.015 Executing VM operation: EnterInterpOnlyMode done
Event: 35.019 Executing VM operation: GetOrSetLocal
Event: 35.019 Executing VM operation: GetOrSetLocal done


Dynamic libraries:
0x00007ff68fe50000 - 0x00007ff68fe8a000 	C:\Program Files\AdoptOpenJDK\jdk-8.0.212.03-hotspot\bin\javaw.exe
0x00007ff984890000 - 0x00007ff984a7d000 	C:\Windows\SYSTEM32\ntdll.dll
0x00007ff982cc0000 - 0x00007ff982d73000 	C:\Windows\System32\KERNEL32.DLL
0x00007ff9817c0000 - 0x00007ff981a53000 	C:\Windows\System32\KERNELBASE.dll
0x00007ff982760000 - 0x00007ff982803000 	C:\Windows\System32\ADVAPI32.dll
0x00007ff984760000 - 0x00007ff9847fe000 	C:\Windows\System32\msvcrt.dll
0x00007ff982510000 - 0x00007ff9825ae000 	C:\Windows\System32\sechost.dll
0x00007ff984630000 - 0x00007ff984752000 	C:\Windows\System32\RPCRT4.dll
0x00007ff981b40000 - 0x00007ff981cd7000 	C:\Windows\System32\USER32.dll
0x00007ff9815c0000 - 0x00007ff9815e0000 	C:\Windows\System32\win32u.dll
0x00007ff982720000 - 0x00007ff982749000 	C:\Windows\System32\GDI32.dll
0x00007ff981400000 - 0x00007ff981599000 	C:\Windows\System32\gdi32full.dll
0x00007ff980ae0000 - 0x00007ff980b80000 	C:\Windows\System32\msvcp_win.dll
0x00007ff9809e0000 - 0x00007ff980ada000 	C:\Windows\System32\ucrtbase.dll
0x00007ff961ff0000 - 0x00007ff962269000 	C:\Windows\WinSxS\amd64_microsoft.windows.common-controls_6595b64144ccf1df_6.0.17763.615_none_05b4414a072024d4\COMCTL32.dll
0x00007ff984300000 - 0x00007ff98462c000 	C:\Windows\System32\combase.dll
0x00007ff980960000 - 0x00007ff9809de000 	C:\Windows\System32\bcryptPrimitives.dll
0x00007ff9842d0000 - 0x00007ff9842fe000 	C:\Windows\System32\IMM32.DLL
0x00007ff967f50000 - 0x00007ff96803f000 	C:\Program Files\AdoptOpenJDK\jdk-8.0.212.03-hotspot\jre\bin\msvcr120.dll
0x00007ff968690000 - 0x00007ff968736000 	C:\Program Files\AdoptOpenJDK\jdk-8.0.212.03-hotspot\jre\bin\msvcp120.dll
0x0000000066b20000 - 0x000000006731b000 	C:\Program Files\AdoptOpenJDK\jdk-8.0.212.03-hotspot\jre\bin\server\jvm.dll
0x00007ff982750000 - 0x00007ff982758000 	C:\Windows\System32\PSAPI.DLL
0x00007ff97b6a0000 - 0x00007ff97b6aa000 	C:\Windows\SYSTEM32\VERSION.dll
0x00007ff97f300000 - 0x00007ff97f324000 	C:\Windows\SYSTEM32\WINMM.dll
0x00007ff97b420000 - 0x00007ff97b429000 	C:\Windows\SYSTEM32\WSOCK32.dll
0x00007ff982b20000 - 0x00007ff982b8d000 	C:\Windows\System32\WS2_32.dll
0x00007ff97f0e0000 - 0x00007ff97f10d000 	C:\Windows\SYSTEM32\winmmbase.dll
0x00007ff9813b0000 - 0x00007ff9813fa000 	C:\Windows\System32\cfgmgr32.dll
0x00007ff978820000 - 0x00007ff97882f000 	C:\Program Files\AdoptOpenJDK\jdk-8.0.212.03-hotspot\jre\bin\verify.dll
0x00007ff974b10000 - 0x00007ff974b38000 	C:\Program Files\AdoptOpenJDK\jdk-8.0.212.03-hotspot\jre\bin\java.dll
0x00007ff968b20000 - 0x00007ff968b55000 	C:\Program Files\AdoptOpenJDK\jdk-8.0.212.03-hotspot\jre\bin\jdwp.dll
0x00007ff97a070000 - 0x00007ff97a078000 	C:\Program Files\AdoptOpenJDK\jdk-8.0.212.03-hotspot\jre\bin\npt.dll
0x00007ff968aa0000 - 0x00007ff968aca000 	C:\Program Files\AdoptOpenJDK\jdk-8.0.212.03-hotspot\jre\bin\instrument.dll
0x00007ff96c230000 - 0x00007ff96c246000 	C:\Program Files\AdoptOpenJDK\jdk-8.0.212.03-hotspot\jre\bin\zip.dll
0x00007ff982de0000 - 0x00007ff9842d0000 	C:\Windows\System32\SHELL32.dll
0x00007ff982a50000 - 0x00007ff982af8000 	C:\Windows\System32\shcore.dll
0x00007ff980c30000 - 0x00007ff98137a000 	C:\Windows\System32\windows.storage.dll
0x00007ff980930000 - 0x00007ff980954000 	C:\Windows\System32\profapi.dll
0x00007ff9808b0000 - 0x00007ff98090d000 	C:\Windows\System32\powrprof.dll
0x00007ff981ce0000 - 0x00007ff981d32000 	C:\Windows\System32\shlwapi.dll
0x00007ff980890000 - 0x00007ff9808a1000 	C:\Windows\System32\kernel.appcore.dll
0x00007ff9815a0000 - 0x00007ff9815b7000 	C:\Windows\System32\cryptsp.dll
0x00007ff978540000 - 0x00007ff978549000 	C:\Program Files\AdoptOpenJDK\jdk-8.0.212.03-hotspot\jre\bin\dt_socket.dll
0x00007ff97c170000 - 0x00007ff97c186000 	C:\Windows\system32\napinsp.dll
0x00007ff97c150000 - 0x00007ff97c16a000 	C:\Windows\system32\pnrpnsp.dll
0x00007ff9800a0000 - 0x00007ff980107000 	C:\Windows\System32\mswsock.dll
0x00007ff97fe40000 - 0x00007ff97ff06000 	C:\Windows\SYSTEM32\DNSAPI.dll
0x00007ff9829c0000 - 0x00007ff9829c8000 	C:\Windows\System32\NSI.dll
0x00007ff97fe00000 - 0x00007ff97fe3d000 	C:\Windows\SYSTEM32\IPHLPAPI.DLL
0x00007ff97c250000 - 0x00007ff97c25e000 	C:\Windows\System32\winrnr.dll
0x00007ff979f20000 - 0x00007ff979f3b000 	C:\Windows\system32\NLAapi.dll
0x00007ff97a210000 - 0x00007ff97a225000 	C:\Windows\system32\wshbth.dll
0x00007ff976aa0000 - 0x00007ff976b19000 	C:\Windows\System32\fwpuclnt.dll
0x00007ff981380000 - 0x00007ff9813a6000 	C:\Windows\System32\bcrypt.dll
0x00007ff976700000 - 0x00007ff97670a000 	C:\Windows\System32\rasadhlp.dll
0x00007ff96c210000 - 0x00007ff96c22a000 	C:\Program Files\AdoptOpenJDK\jdk-8.0.212.03-hotspot\jre\bin\net.dll
0x00007ff976030000 - 0x00007ff976207000 	C:\Windows\SYSTEM32\urlmon.dll
0x00007ff972da0000 - 0x00007ff973048000 	C:\Windows\SYSTEM32\iertutil.dll
0x00007ff980270000 - 0x00007ff98027c000 	C:\Windows\SYSTEM32\CRYPTBASE.DLL
0x00007ff968d70000 - 0x00007ff968d82000 	C:\Program Files\AdoptOpenJDK\jdk-8.0.212.03-hotspot\jre\bin\nio.dll
0x00007ff968840000 - 0x00007ff9688b2000 	C:\Users\Shashank\AppData\Local\Temp\lwjglShashank\3.2.2-build-10\lwjgl.dll
0x00007ff968410000 - 0x00007ff96846e000 	C:\Users\Shashank\AppData\Local\Temp\lwjglShashank\3.2.2-build-10\glfw.dll
0x00007ff97e950000 - 0x00007ff97e9ec000 	C:\Windows\system32\uxtheme.dll
0x00007ff9683c0000 - 0x00007ff968404000 	C:\Windows\SYSTEM32\dinput8.dll
0x00007ff968d20000 - 0x00007ff968d31000 	C:\Windows\SYSTEM32\xinput1_4.dll
0x00007ff9806a0000 - 0x00007ff9806c9000 	C:\Windows\SYSTEM32\DEVOBJ.dll
0x00007ff97ed60000 - 0x00007ff97ed8e000 	C:\Windows\SYSTEM32\dwmapi.dll
0x00007ff9815e0000 - 0x00007ff9817bb000 	C:\Windows\System32\CRYPT32.dll
0x00007ff980910000 - 0x00007ff980922000 	C:\Windows\System32\MSASN1.dll
0x00007ff96ad40000 - 0x00007ff96ae0c000 	C:\Windows\SYSTEM32\inputhost.dll
0x00007ff97e3a0000 - 0x00007ff97e482000 	C:\Windows\SYSTEM32\CoreMessaging.dll
0x00007ff97ea20000 - 0x00007ff97ec2d000 	C:\Windows\SYSTEM32\twinapi.appcore.dll
0x00007ff97d8a0000 - 0x00007ff97de5e000 	C:\Windows\SYSTEM32\d2d1.dll
0x00007ff971f60000 - 0x00007ff972282000 	C:\Windows\SYSTEM32\CoreUIComponents.dll
0x00007ff97d620000 - 0x00007ff97d89e000 	C:\Windows\SYSTEM32\d3d11.dll
0x00007ff97cc90000 - 0x00007ff97ce38000 	C:\Windows\SYSTEM32\PROPSYS.dll
0x00007ff97c5f0000 - 0x00007ff97c743000 	C:\Windows\SYSTEM32\wintypes.dll
0x00007ff982bf0000 - 0x00007ff982cb4000 	C:\Windows\System32\OLEAUT32.dll
0x00007ff97ec30000 - 0x00007ff97ec58000 	C:\Windows\SYSTEM32\RMCLIENT.dll
0x00007ff97f940000 - 0x00007ff97f971000 	C:\Windows\SYSTEM32\ntmarta.dll
0x00007ff97f6d0000 - 0x00007ff97f792000 	C:\Windows\SYSTEM32\dxgi.dll
0x00007ff981d40000 - 0x00007ff981eab000 	C:\Windows\System32\MSCTF.dll
0x00007ff97f0d0000 - 0x00007ff97f0de000 	C:\Windows\SYSTEM32\HID.DLL
0x00007ff981eb0000 - 0x00007ff982326000 	C:\Windows\System32\SETUPAPI.DLL
0x00007ff981a60000 - 0x00007ff981ab9000 	C:\Windows\System32\WINTRUST.dll
0x00007ff955130000 - 0x00007ff955257000 	C:\Windows\SYSTEM32\opengl32.dll
0x00007ff9559f0000 - 0x00007ff955a1c000 	C:\Windows\SYSTEM32\GLU32.dll
0x00007ff917020000 - 0x00007ff917ecb000 	C:\Windows\System32\DriverStore\FileRepository\iigd_dch.inf_amd64_fadcc3d6417059de\ig9icd64.dll
0x00007ff967850000 - 0x00007ff967933000 	C:\Windows\System32\DriverStore\FileRepository\iigd_dch.inf_amd64_fadcc3d6417059de\igdgmm64.dll
0x00007ff96cc40000 - 0x00007ff96ebbc000 	C:\Windows\System32\DriverStore\FileRepository\iigd_dch.inf_amd64_fadcc3d6417059de\igc64.dll
0x00007ff96ae10000 - 0x00007ff96aea5000 	C:\Windows\System32\TextInputFramework.dll
0x00007ff967ab0000 - 0x00007ff967b08000 	C:\Users\Shashank\AppData\Local\Temp\lwjglShashank\3.2.2-build-10\lwjgl_opengl.dll
0x00007ff97f110000 - 0x00007ff97f2fd000 	C:\Windows\SYSTEM32\dbghelp.dll

VM Arguments:
jvm_args: -agentlib:jdwp=transport=dt_socket,suspend=y,address=localhost:59509 -javaagent:C:\Users\Shashank\eclipse\java-2019-06\eclipse\configuration\org.eclipse.osgi\226\0\.cp\lib\javaagent-shaded.jar -Dfile.encoding=Cp1252 
java_command: TankTrouble2
java_class_path (initial): C:\Work\Tank Trouble 2\bin;C:\Work\Tank Trouble 2\lib\lwjgl-glfw-natives-windows.jar;C:\Work\Tank Trouble 2\lib\lwjgl-glfw.jar;C:\Work\Tank Trouble 2\lib\lwjgl-natives-windows.jar;C:\Work\Tank Trouble 2\lib\lwjgl-opengl-natives-windows.jar;C:\Work\Tank Trouble 2\lib\lwjgl-opengl.jar;C:\Work\Tank Trouble 2\lib\lwjgl.jar;C:\Work\Tank Trouble 2\lib\slick-util.jar;C:\Work\Tank Trouble 2\lib\vecmath-1.5.1.jar;C:\Users\Shashank\eclipse\java-2019-06\eclipse\configuration\org.eclipse.osgi\226\0\.cp\lib\javaagent-shaded.jar
Launcher Type: SUN_STANDARD

Environment Variables:
PATH=C:\Program Files\AdoptOpenJDK\jdk-8.0.212.03-hotspot\jre\bin;C:/Program Files/AdoptOpenJDK/jdk-8.0.212.03-hotspot/jre/bin/server;C:/Program Files/AdoptOpenJDK/jdk-8.0.212.03-hotspot/jre/bin;C:/Program Files/AdoptOpenJDK/jdk-8.0.212.03-hotspot/jre/lib/amd64;C:\Program Files (x86)\Common Files\Oracle\Java\javapath;C:\Program Files\AdoptOpenJDK\jdk-8.0.212.03-hotspot\bin;C:\Windows\system32;C:\Windows;C:\Windows\System32\Wbem;C:\Windows\System32\WindowsPowerShell\v1.0\;C:\Windows\System32\OpenSSH\;C:\Program Files (x86)\Intel\Intel(R) Management Engine Components\DAL;C:\Program Files\Intel\Intel(R) Management Engine Components\DAL;C:\Users\Shashank\AppData\Local\Microsoft\WindowsApps;C:\Users\Shashank\AppData\Local\GitHubDesktop\bin;C:\Users\Shashank\Desktop;
USERNAME=Shashank
OS=Windows_NT
PROCESSOR_IDENTIFIER=Intel64 Family 6 Model 142 Stepping 11, GenuineIntel



---------------  S Y S T E M  ---------------

OS: Windows 10.0 , 64 bit Build 17763 (10.0.17763.475)

CPU:total 8 (initial active 8) (4 cores per cpu, 2 threads per core) family 6 model 142 stepping 11, cmov, cx8, fxsr, mmx, sse, sse2, sse3, ssse3, sse4.1, sse4.2, popcnt, avx, avx2, aes, clmul, erms, 3dnowpref, lzcnt, ht, tsc, tscinvbit, bmi1, bmi2, adx

Memory: 4k page, physical 8259280k(2554520k free), swap 13764304k(5095520k free)

vm_info: OpenJDK 64-Bit Server VM (25.212-b03) for windows-amd64 JRE (1.8.0_212-b03), built on Apr 17 2019 15:40:24 by "jenkins" with MS VC++ 12.0 (VS2013)

time: Sat Jul 13 07:06:14 2019
timezone: Eastern Daylight Time
elapsed time: 35 seconds (0d 0h 0m 35s)

